<?xml version="1.0" encoding="UTF-8"?>
<testng-results skipped="0" failed="1" ignored="0" total="1" passed="0">
  <reporter-output>
  </reporter-output>
  <suite name="Default suite" duration-ms="27041" started-at="2019-08-03T06:06:24Z" finished-at="2019-08-03T06:06:51Z">
    <groups>
    </groups>
    <test name="Default test" duration-ms="27041" started-at="2019-08-03T06:06:24Z" finished-at="2019-08-03T06:06:51Z">
      <class name="DatadataDriven.DataDrivenExcel$DataDrivenTest">
        <test-method status="PASS" signature="initialization()[pri:0, instance:DatadataDriven.DataDrivenExcel$DataDrivenTest@18be83e4]" name="initialization" is-config="true" duration-ms="11757" started-at="2019-08-03T06:06:24Z" finished-at="2019-08-03T06:06:35Z">
          <reporter-output>
          </reporter-output>
        </test-method> <!-- initialization -->
        <test-method status="FAIL" signature="fbLoginLogout()[pri:0, instance:DatadataDriven.DataDrivenExcel$DataDrivenTest@18be83e4]" name="fbLoginLogout" duration-ms="14443" started-at="2019-08-03T06:06:35Z" finished-at="2019-08-03T06:06:50Z">
          <exception class="java.lang.NullPointerException">
            <full-stacktrace>
              <![CDATA[java.lang.NullPointerException
at DatadataDriven.DataDrivenExcel$DataDrivenTest.fbLoginLogout(DataDrivenExcel.java:51)
at sun.reflect.NativeMethodAccessorImpl.invoke0(Native Method)
at sun.reflect.NativeMethodAccessorImpl.invoke(NativeMethodAccessorImpl.java:62)
at sun.reflect.DelegatingMethodAccessorImpl.invoke(DelegatingMethodAccessorImpl.java:43)
at java.lang.reflect.Method.invoke(Method.java:498)
at org.testng.internal.MethodInvocationHelper.invokeMethod(MethodInvocationHelper.java:124)
at org.testng.internal.Invoker.invokeMethod(Invoker.java:583)
at org.testng.internal.Invoker.invokeTestMethod(Invoker.java:719)
at org.testng.internal.Invoker.invokeTestMethods(Invoker.java:989)
at org.testng.internal.TestMethodWorker.invokeTestMethods(TestMethodWorker.java:125)
at org.testng.internal.TestMethodWorker.run(TestMethodWorker.java:109)
at org.testng.TestRunner.privateRun(TestRunner.java:648)
at org.testng.TestRunner.run(TestRunner.java:505)
at org.testng.SuiteRunner.runTest(SuiteRunner.java:455)
at org.testng.SuiteRunner.runSequentially(SuiteRunner.java:450)
at org.testng.SuiteRunner.privateRun(SuiteRunner.java:415)
at org.testng.SuiteRunner.run(SuiteRunner.java:364)
at org.testng.SuiteRunnerWorker.runSuite(SuiteRunnerWorker.java:52)
at org.testng.SuiteRunnerWorker.run(SuiteRunnerWorker.java:84)
at org.testng.TestNG.runSuitesSequentially(TestNG.java:1208)
at org.testng.TestNG.runSuitesLocally(TestNG.java:1137)
at org.testng.TestNG.runSuites(TestNG.java:1049)
at org.testng.TestNG.run(TestNG.java:1017)
at org.testng.remote.AbstractRemoteTestNG.run(AbstractRemoteTestNG.java:115)
at org.testng.remote.RemoteTestNG.initAndRun(RemoteTestNG.java:251)
at org.testng.remote.RemoteTestNG.main(RemoteTestNG.java:77)
]]>
            </full-stacktrace>
          </exception> <!-- java.lang.NullPointerException -->
          <reporter-output>
          </reporter-output>
        </test-method> <!-- fbLoginLogout -->
        <test-method status="PASS" signature="closebrowser()[pri:0, instance:DatadataDriven.DataDrivenExcel$DataDrivenTest@18be83e4]" name="closebrowser" is-config="true" duration-ms="800" started-at="2019-08-03T06:06:50Z" finished-at="2019-08-03T06:06:51Z">
          <reporter-output>
          </reporter-output>
        </test-method> <!-- closebrowser -->
      </class> <!-- DatadataDriven.DataDrivenExcel$DataDrivenTest -->
    </test> <!-- Default test -->
  </suite> <!-- Default suite -->
</testng-results>
